Log file open, 12/23/18 17:24:18
LogWindows: Failed to load 'aqProf.dll' (GetLastError=126)
LogWindows: File 'aqProf.dll' does not exist
LogWindows: Failed to load 'VtuneApi.dll' (GetLastError=126)
LogWindows: File 'VtuneApi.dll' does not exist
LogWindows: Failed to load 'VtuneApi32e.dll' (GetLastError=126)
LogWindows: File 'VtuneApi32e.dll' does not exist
LogConsoleResponse: Display: Failed to find resolution value strings in scalability ini. Falling back to default.
LogInit: Display: Running engine for game: CrossyRoadz
LogPakFile: Registered encryption key '00000000000000000000000000000000': 0 pak files mounted, 0 remain pending
LogPlatformFile: Not using cached read wrapper
LogTaskGraph: Started task graph with 5 named threads and 35 total threads with 3 sets of task threads.
LogStats: Stats thread started at 0.415065
LogD3D11RHI: Loaded GFSDK_Aftermath_Lib.x64.dll
LogICUInternationalization: ICU TimeZone Detection - Raw Offset: -8:00, Platform Override: ''
LogPluginManager: Mounting plugin Paper2D
LogPluginManager: Mounting plugin AISupport
LogPluginManager: Mounting plugin LightPropagationVolume
LogPluginManager: Mounting plugin ActorLayerUtilities
LogPluginManager: Mounting plugin CLionSourceCodeAccess
LogPluginManager: Mounting plugin CodeLiteSourceCodeAccess
LogPluginManager: Mounting plugin GitSourceControl
LogPluginManager: Mounting plugin KDevelopSourceCodeAccess
LogPluginManager: Mounting plugin NullSourceCodeAccess
LogPluginManager: Mounting plugin PerforceSourceControl
LogPluginManager: Mounting plugin SubversionSourceControl
LogPluginManager: Mounting plugin UObjectPlugin
LogPluginManager: Mounting plugin VisualStudioCodeSourceCodeAccess
LogPluginManager: Mounting plugin VisualStudioSourceCodeAccess
LogPluginManager: Mounting plugin XCodeSourceCodeAccess
LogPluginManager: Mounting plugin AssetManagerEditor
LogPluginManager: Mounting plugin CryptoKeys
LogPluginManager: Mounting plugin DataValidation
LogPluginManager: Mounting plugin FacialAnimation
LogPluginManager: Mounting plugin GameplayTagsEditor
LogPluginManager: Mounting plugin MacGraphicsSwitching
LogPluginManager: Mounting plugin MeshEditor
LogPluginManager: Mounting plugin MobileLauncherProfileWizard
LogPluginManager: Mounting plugin PluginBrowser
LogPluginManager: Mounting plugin SpeedTreeImporter
LogPluginManager: Mounting plugin DatasmithContent
LogPluginManager: Mounting plugin VariantManagerContent
LogPluginManager: Mounting plugin AlembicImporter
LogPluginManager: Mounting plugin AppleImageUtils
LogPluginManager: Mounting plugin AppleVision
LogPluginManager: Mounting plugin BackChannel
LogPluginManager: Mounting plugin CharacterAI
LogPluginManager: Mounting plugin GeometryCache
LogPluginManager: Mounting plugin HTML5Networking
LogPluginManager: Mounting plugin ProxyLODPlugin
LogPluginManager: Mounting plugin MagicLeap
LogPluginManager: Mounting plugin MagicLeapMedia
LogPluginManager: Mounting plugin AndroidMedia
LogPluginManager: Mounting plugin AvfMedia
LogPluginManager: Mounting plugin ImgMedia
LogPluginManager: Mounting plugin LinearTimecode
LogPluginManager: Mounting plugin MediaCompositing
LogPluginManager: Mounting plugin MediaPlayerEditor
LogPluginManager: Mounting plugin WebMMedia
LogPluginManager: Mounting plugin WmfMedia
LogPluginManager: Mounting plugin TcpMessaging
LogPluginManager: Mounting plugin UdpMessaging
LogPluginManager: Mounting plugin ActorSequence
LogPluginManager: Mounting plugin LevelSequenceEditor
LogPluginManager: Mounting plugin MatineeToLevelSequence
LogPluginManager: Mounting plugin NetcodeUnitTest
LogPluginManager: Mounting plugin NUTUnrealEngine4
LogPluginManager: Mounting plugin OnlineSubsystemGooglePlay
LogPluginManager: Mounting plugin OnlineSubsystemIOS
LogPluginManager: Mounting plugin OnlineSubsystem
LogPluginManager: Mounting plugin OnlineSubsystemNull
LogPluginManager: Mounting plugin OnlineSubsystemUtils
LogPluginManager: Mounting plugin LauncherChunkInstaller
LogPluginManager: Mounting plugin AndroidDeviceProfileSelector
LogPluginManager: Mounting plugin AndroidMoviePlayer
LogPluginManager: Mounting plugin AndroidPermission
LogPluginManager: Mounting plugin AppleMoviePlayer
LogPluginManager: Mounting plugin ArchVisCharacter
LogPluginManager: Mounting plugin AudioCapture
LogPluginManager: Mounting plugin CableComponent
LogPluginManager: Mounting plugin CustomMeshComponent
LogPluginManager: Mounting plugin EditableMesh
LogPluginManager: Mounting plugin ExampleDeviceProfileSelector
LogPluginManager: Mounting plugin Firebase
LogPluginManager: Mounting plugin GoogleCloudMessaging
LogPluginManager: Mounting plugin IOSDeviceProfileSelector
LogPluginManager: Mounting plugin LinuxDeviceProfileSelector
LogPluginManager: Mounting plugin LocationServicesBPLibrary
LogPluginManager: Mounting plugin MobilePatchingUtils
LogPluginManager: Mounting plugin OculusVR
LogPluginManager: Mounting plugin PhysXVehicles
LogPluginManager: Mounting plugin ProceduralMeshComponent
LogPluginManager: Mounting plugin RuntimePhysXCooking
LogPluginManager: Mounting plugin SteamVR
LogPluginManager: Mounting plugin WebMMoviePlayer
LogPluginManager: Mounting plugin WindowsMoviePlayer
LogStreaming: Display: Took  0.090s to configure plugins.
LogInit: Using libcurl 7.55.1-DEV
LogInit:  - built for x86_64-pc-win32
LogInit:  - supports SSL with OpenSSL/1.0.2h
LogInit:  - supports HTTP deflate (compression) using libz 1.2.8
LogInit:  - other features:
LogInit:      CURL_VERSION_SSL
LogInit:      CURL_VERSION_LIBZ
LogInit:      CURL_VERSION_IPV6
LogInit:      CURL_VERSION_ASYNCHDNS
LogInit:      CURL_VERSION_LARGEFILE
LogInit:      CURL_VERSION_IDN
LogInit:  CurlRequestOptions (configurable via config and command line):
LogInit:  - bVerifyPeer = true  - Libcurl will verify peer certificate
LogInit:  - bUseHttpProxy = false  - Libcurl will NOT use HTTP proxy
LogInit:  - bDontReuseConnections = false  - Libcurl will reuse connections
LogInit:  - MaxHostConnections = 16  - Libcurl will limit the number of connections to a host
LogInit:  - LocalHostAddr = Default
LogInit:  - BufferSize = 65536
LogInit: WinSock: version 1.1 (2.2), MaxSocks=32767, MaxUdp=65467
LogInit: Build: ++UE4+Release-4.21-CL-4613538
LogInit: Engine Version: 4.21.1-4613538+++UE4+Release-4.21
LogInit: Compatible Engine Version: 4.21.0-4541578+++UE4+Release-4.21
LogInit: Net CL: 4541578
LogInit: OS: Windows 10 (), CPU: Intel(R) Core(TM) i7-8700K CPU @ 3.70GHz, GPU: NVIDIA GeForce GTX 1080 Ti
LogInit: Compiled (64-bit): Nov 30 2018 04:13:25
LogInit: Compiled with Visual C++: 19.13.26129.00
LogInit: Build Configuration: Development
LogInit: Branch Name: ++UE4+Release-4.21
LogInit: Command Line: 
LogInit: Base Directory: C:/UE_4.21/Engine/Binaries/Win64/
LogInit: Installed Engine Build: 1
LogDevObjectVersion: Number of dev versions registered: 22
LogDevObjectVersion:   Dev-Blueprints (B0D832E4-1F89-4F0D-ACCF-7EB736FD4AA2): 10
LogDevObjectVersion:   Dev-Build (E1C64328-A22C-4D53-A36C-8E866417BD8C): 0
LogDevObjectVersion:   Dev-Core (375EC13C-06E4-48FB-B500-84F0262A717E): 2
LogDevObjectVersion:   Dev-Editor (E4B068ED-F494-42E9-A231-DA0B2E46BB41): 26
LogDevObjectVersion:   Dev-Framework (CFFC743F-43B0-4480-9391-14DF171D2073): 34
LogDevObjectVersion:   Dev-Mobile (B02B49B5-BB20-44E9-A304-32B752E40360): 2
LogDevObjectVersion:   Dev-Networking (A4E4105C-59A1-49B5-A7C5-40C4547EDFEE): 0
LogDevObjectVersion:   Dev-Online (39C831C9-5AE6-47DC-9A44-9C173E1C8E7C): 0
LogDevObjectVersion:   Dev-Physics (78F01B33-EBEA-4F98-B9B4-84EACCB95AA2): 0
LogDevObjectVersion:   Dev-Platform (6631380F-2D4D-43E0-8009-CF276956A95A): 0
LogDevObjectVersion:   Dev-Rendering (12F88B9F-8875-4AFC-A67C-D90C383ABD29): 27
LogDevObjectVersion:   Dev-Sequencer (7B5AE74C-D270-4C10-A958-57980B212A5A): 9
LogDevObjectVersion:   Dev-VR (D7296918-1DD6-4BDD-9DE2-64A83CC13884): 2
LogDevObjectVersion:   Dev-LoadTimes (C2A15278-BFE7-4AFE-6C17-90FF531DF755): 1
LogDevObjectVersion:   Private-Geometry (6EACA3D4-40EC-4CC1-B786-8BED09428FC5): 3
LogDevObjectVersion:   Dev-AnimPhys (29E575DD-E0A3-4627-9D10-D276232CDCEA): 17
LogDevObjectVersion:   Dev-Anim (AF43A65D-7FD3-4947-9873-3E8ED9C1BB05): 2
LogDevObjectVersion:   Dev-ReflectionCapture (6B266CEC-1EC7-4B8F-A30B-E4D90942FC07): 1
LogDevObjectVersion:   Dev-Automation (0DF73D61-A23F-47EA-B727-89E90C41499A): 1
LogDevObjectVersion:   FortniteMain (601D1886-AC64-4F84-AA16-D3DE0DEAC7D6): 17
LogDevObjectVersion:   Dev-Enterprise (9DFFBCD6-494F-0158-E221-12823C92A888): 4
LogDevObjectVersion:   Dev-Niagara (F2AED0AC-9AFE-416F-8664-AA7FFA26D6FC): 1
LogStreaming: Display: Took  0.001s to delete old logs.
LogInit: Presizing for max 8388607 objects, including 0 objects not considered by GC, pre-allocating 0 bytes for permanent pool.
LogInit: Object subsystem initialized
LogConfig: Setting CVar [[con.DebugEarlyDefault:1]]
LogConfig: Setting CVar [[r.setres:1280x720]]
[2018.12.24-01.24.18:508][  0]LogConfig: Setting CVar [[r.VSync:0]]
[2018.12.24-01.24.18:508][  0]LogConfig: Setting CVar [[r.RHICmdBypass:0]]
[2018.12.24-01.24.18:508][  0]LogConfig: Applying CVar settings from Section [/Script/Engine.RendererSettings] File [F:/FALL2018/CPSC386_VGD/UNREAL/CrossyRoadz/CrossyRoadz/Saved/Config/Windows/Engine.ini]
[2018.12.24-01.24.18:508][  0]LogConfig: Setting CVar [[r.GPUCrashDebugging:0]]
[2018.12.24-01.24.18:508][  0]LogConfig: Applying CVar settings from Section [/Script/Engine.RendererOverrideSettings] File [F:/FALL2018/CPSC386_VGD/UNREAL/CrossyRoadz/CrossyRoadz/Saved/Config/Windows/Engine.ini]
[2018.12.24-01.24.18:508][  0]LogConfig: Applying CVar settings from Section [/Script/Engine.StreamingSettings] File [F:/FALL2018/CPSC386_VGD/UNREAL/CrossyRoadz/CrossyRoadz/Saved/Config/Windows/Engine.ini]
[2018.12.24-01.24.18:508][  0]LogConfig: Setting CVar [[s.MinBulkDataSizeForAsyncLoading:131072]]
[2018.12.24-01.24.18:508][  0]LogConfig: Setting CVar [[s.AsyncLoadingThreadEnabled:0]]
[2018.12.24-01.24.18:508][  0]LogConfig: Setting CVar [[s.EventDrivenLoaderEnabled:1]]
[2018.12.24-01.24.18:508][  0]LogConfig: Setting CVar [[s.WarnIfTimeLimitExceeded:0]]
[2018.12.24-01.24.18:508][  0]LogConfig: Setting CVar [[s.TimeLimitExceededMultiplier:1.5]]
[2018.12.24-01.24.18:508][  0]LogConfig: Setting CVar [[s.TimeLimitExceededMinTime:0.005]]
[2018.12.24-01.24.18:508][  0]LogConfig: Setting CVar [[s.UseBackgroundLevelStreaming:1]]
[2018.12.24-01.24.18:508][  0]LogConfig: Setting CVar [[s.PriorityAsyncLoadingExtraTime:15.0]]
[2018.12.24-01.24.18:508][  0]LogConfig: Setting CVar [[s.LevelStreamingActorsUpdateTimeLimit:5.0]]
[2018.12.24-01.24.18:508][  0]LogConfig: Setting CVar [[s.PriorityLevelStreamingActorsUpdateExtraTime:5.0]]
[2018.12.24-01.24.18:508][  0]LogConfig: Setting CVar [[s.LevelStreamingComponentsRegistrationGranularity:10]]
[2018.12.24-01.24.18:508][  0]LogConfig: Setting CVar [[s.UnregisterComponentsTimeLimit:1.0]]
[2018.12.24-01.24.18:508][  0]LogConfig: Setting CVar [[s.LevelStreamingComponentsUnregistrationGranularity:5]]
[2018.12.24-01.24.18:508][  0]LogConfig: Applying CVar settings from Section [/Script/Engine.GarbageCollectionSettings] File [F:/FALL2018/CPSC386_VGD/UNREAL/CrossyRoadz/CrossyRoadz/Saved/Config/Windows/Engine.ini]
[2018.12.24-01.24.18:508][  0]LogConfig: Setting CVar [[gc.MaxObjectsNotConsideredByGC:1]]
[2018.12.24-01.24.18:508][  0]LogConfig: Setting CVar [[gc.SizeOfPermanentObjectPool:0]]
[2018.12.24-01.24.18:508][  0]LogConfig: Setting CVar [[gc.FlushStreamingOnGC:0]]
[2018.12.24-01.24.18:508][  0]LogConfig: Setting CVar [[gc.NumRetriesBeforeForcingGC:10]]
[2018.12.24-01.24.18:508][  0]LogConfig: Setting CVar [[gc.AllowParallelGC:1]]
[2018.12.24-01.24.18:508][  0]LogConfig: Setting CVar [[gc.TimeBetweenPurgingPendingKillObjects:61.1]]
[2018.12.24-01.24.18:508][  0]LogConfig: Setting CVar [[gc.MaxObjectsInEditor:8388607]]
[2018.12.24-01.24.18:508][  0]LogConfig: Setting CVar [[gc.IncrementalBeginDestroyEnabled:1]]
[2018.12.24-01.24.18:508][  0]LogConfig: Setting CVar [[gc.CreateGCClusters:1]]
[2018.12.24-01.24.18:508][  0]LogConfig: Setting CVar [[gc.MergeGCClusters:0]]
[2018.12.24-01.24.18:508][  0]LogConfig: Setting CVar [[gc.MinGCClusterSize:5]]
[2018.12.24-01.24.18:508][  0]LogConfig: Setting CVar [[gc.ActorClusteringEnabled:0]]
[2018.12.24-01.24.18:508][  0]LogConfig: Setting CVar [[gc.BlueprintClusteringEnabled:0]]
[2018.12.24-01.24.18:508][  0]LogConfig: Setting CVar [[gc.UseDisregardForGCOnDedicatedServers:0]]
[2018.12.24-01.24.18:508][  0]LogConfig: Applying CVar settings from Section [/Script/Engine.NetworkSettings] File [F:/FALL2018/CPSC386_VGD/UNREAL/CrossyRoadz/CrossyRoadz/Saved/Config/Windows/Engine.ini]
[2018.12.24-01.24.18:508][  0]LogConfig: Applying CVar settings from Section [/Script/UnrealEd.CookerSettings] File [F:/FALL2018/CPSC386_VGD/UNREAL/CrossyRoadz/CrossyRoadz/Saved/Config/Windows/Engine.ini]
[2018.12.24-01.24.18:523][  0]LogConfig: Applying CVar settings from Section [ViewDistanceQuality@3] File [F:/FALL2018/CPSC386_VGD/UNREAL/CrossyRoadz/CrossyRoadz/Saved/Config/Windows/Scalability.ini]
[2018.12.24-01.24.18:523][  0]LogConfig: Setting CVar [[r.SkeletalMeshLODBias:0]]
[2018.12.24-01.24.18:523][  0]LogConfig: Setting CVar [[r.ViewDistanceScale:1.0]]
[2018.12.24-01.24.18:523][  0]LogConfig: Applying CVar settings from Section [AntiAliasingQuality@3] File [F:/FALL2018/CPSC386_VGD/UNREAL/CrossyRoadz/CrossyRoadz/Saved/Config/Windows/Scalability.ini]
[2018.12.24-01.24.18:523][  0]LogConfig: Setting CVar [[r.PostProcessAAQuality:4]]
[2018.12.24-01.24.18:523][  0]LogConfig: Applying CVar settings from Section [ShadowQuality@3] File [F:/FALL2018/CPSC386_VGD/UNREAL/CrossyRoadz/CrossyRoadz/Saved/Config/Windows/Scalability.ini]
[2018.12.24-01.24.18:523][  0]LogConfig: Setting CVar [[r.LightFunctionQuality:1]]
[2018.12.24-01.24.18:523][  0]LogConfig: Setting CVar [[r.ShadowQuality:5]]
[2018.12.24-01.24.18:523][  0]LogConfig: Setting CVar [[r.Shadow.CSM.MaxCascades:10]]
[2018.12.24-01.24.18:523][  0]LogConfig: Setting CVar [[r.Shadow.MaxResolution:2048]]
[2018.12.24-01.24.18:523][  0]LogConfig: Setting CVar [[r.Shadow.MaxCSMResolution:2048]]
[2018.12.24-01.24.18:523][  0]LogConfig: Setting CVar [[r.Shadow.RadiusThreshold:0.01]]
[2018.12.24-01.24.18:523][  0]LogConfig: Setting CVar [[r.Shadow.DistanceScale:1.0]]
[2018.12.24-01.24.18:523][  0]LogConfig: Setting CVar [[r.Shadow.CSM.TransitionScale:1.0]]
[2018.12.24-01.24.18:523][  0]LogConfig: Setting CVar [[r.Shadow.PreShadowResolutionFactor:1.0]]
[2018.12.24-01.24.18:523][  0]LogConfig: Setting CVar [[r.DistanceFieldShadowing:1]]
[2018.12.24-01.24.18:523][  0]LogConfig: Setting CVar [[r.DistanceFieldAO:1]]
[2018.12.24-01.24.18:523][  0]LogConfig: Setting CVar [[r.AOQuality:2]]
[2018.12.24-01.24.18:523][  0]LogConfig: Setting CVar [[r.VolumetricFog:1]]
[2018.12.24-01.24.18:523][  0]LogConfig: Setting CVar [[r.VolumetricFog.GridPixelSize:8]]
[2018.12.24-01.24.18:523][  0]LogConfig: Setting CVar [[r.VolumetricFog.GridSizeZ:128]]
[2018.12.24-01.24.18:523][  0]LogConfig: Setting CVar [[r.VolumetricFog.HistoryMissSupersampleCount:4]]
[2018.12.24-01.24.18:523][  0]LogConfig: Setting CVar [[r.LightMaxDrawDistanceScale:1]]
[2018.12.24-01.24.18:523][  0]LogConfig: Setting CVar [[r.CapsuleShadows:1]]
[2018.12.24-01.24.18:523][  0]LogConfig: Applying CVar settings from Section [PostProcessQuality@3] File [F:/FALL2018/CPSC386_VGD/UNREAL/CrossyRoadz/CrossyRoadz/Saved/Config/Windows/Scalability.ini]
[2018.12.24-01.24.18:523][  0]LogConfig: Setting CVar [[r.MotionBlurQuality:4]]
[2018.12.24-01.24.18:523][  0]LogConfig: Setting CVar [[r.AmbientOcclusionMipLevelFactor:0.4]]
[2018.12.24-01.24.18:523][  0]LogConfig: Setting CVar [[r.AmbientOcclusionMaxQuality:100]]
[2018.12.24-01.24.18:523][  0]LogConfig: Setting CVar [[r.AmbientOcclusionLevels:-1]]
[2018.12.24-01.24.18:523][  0]LogConfig: Setting CVar [[r.AmbientOcclusionRadiusScale:1.0]]
[2018.12.24-01.24.18:523][  0]LogConfig: Setting CVar [[r.DepthOfFieldQuality:2]]
[2018.12.24-01.24.18:523][  0]LogConfig: Setting CVar [[r.RenderTargetPoolMin:400]]
[2018.12.24-01.24.18:523][  0]LogConfig: Setting CVar [[r.LensFlareQuality:2]]
[2018.12.24-01.24.18:523][  0]LogConfig: Setting CVar [[r.SceneColorFringeQuality:1]]
[2018.12.24-01.24.18:523][  0]LogConfig: Setting CVar [[r.EyeAdaptationQuality:2]]
[2018.12.24-01.24.18:523][  0]LogConfig: Setting CVar [[r.BloomQuality:5]]
[2018.12.24-01.24.18:523][  0]LogConfig: Setting CVar [[r.FastBlurThreshold:100]]
[2018.12.24-01.24.18:523][  0]LogConfig: Setting CVar [[r.Upscale.Quality:3]]
[2018.12.24-01.24.18:523][  0]LogConfig: Setting CVar [[r.Tonemapper.GrainQuantization:1]]
[2018.12.24-01.24.18:523][  0]LogConfig: Setting CVar [[r.LightShaftQuality:1]]
[2018.12.24-01.24.18:523][  0]LogConfig: Setting CVar [[r.Filter.SizeScale:1]]
[2018.12.24-01.24.18:523][  0]LogConfig: Setting CVar [[r.Tonemapper.Quality:5]]
[2018.12.24-01.24.18:523][  0]LogConfig: Setting CVar [[r.DOF.Gather.AccumulatorQuality:1        ; higher gathering accumulator quality]]
[2018.12.24-01.24.18:523][  0]LogConfig: Setting CVar [[r.DOF.Gather.PostfilterMethod:1          ; Median3x3 postfilering method]]
[2018.12.24-01.24.18:523][  0]LogConfig: Setting CVar [[r.DOF.Gather.EnableBokehSettings:0       ; no bokeh simulation when gathering]]
[2018.12.24-01.24.18:523][  0]LogConfig: Setting CVar [[r.DOF.Gather.RingCount:4                 ; medium number of samples when gathering]]
[2018.12.24-01.24.18:523][  0]LogConfig: Setting CVar [[r.DOF.Scatter.ForegroundCompositing:1    ; additive foreground scattering]]
[2018.12.24-01.24.18:523][  0]LogConfig: Setting CVar [[r.DOF.Scatter.BackgroundCompositing:2    ; additive background scattering]]
[2018.12.24-01.24.18:523][  0]LogConfig: Setting CVar [[r.DOF.Scatter.EnableBokehSettings:1      ; bokeh simulation when scattering]]
[2018.12.24-01.24.18:523][  0]LogConfig: Setting CVar [[r.DOF.Scatter.MaxSpriteRatio:0.1         ; only a maximum of 10% of scattered bokeh]]
[2018.12.24-01.24.18:523][  0]LogConfig: Setting CVar [[r.DOF.Recombine.Quality:1                ; cheap slight out of focus]]
[2018.12.24-01.24.18:523][  0]LogConfig: Setting CVar [[r.DOF.Recombine.EnableBokehSettings:0    ; no bokeh simulation on slight out of focus]]
[2018.12.24-01.24.18:523][  0]LogConfig: Setting CVar [[r.DOF.TemporalAAQuality:1                ; more stable temporal accumulation]]
[2018.12.24-01.24.18:523][  0]LogConfig: Setting CVar [[r.DOF.Kernel.MaxForegroundRadius:0.025]]
[2018.12.24-01.24.18:523][  0]LogConfig: Setting CVar [[r.DOF.Kernel.MaxBackgroundRadius:0.025]]
[2018.12.24-01.24.18:523][  0]LogConfig: Applying CVar settings from Section [TextureQuality@3] File [F:/FALL2018/CPSC386_VGD/UNREAL/CrossyRoadz/CrossyRoadz/Saved/Config/Windows/Scalability.ini]
[2018.12.24-01.24.18:523][  0]LogConfig: Setting CVar [[r.Streaming.MipBias:0]]
[2018.12.24-01.24.18:523][  0]LogConfig: Setting CVar [[r.Streaming.AmortizeCPUToGPUCopy:0]]
[2018.12.24-01.24.18:523][  0]LogConfig: Setting CVar [[r.Streaming.MaxNumTexturesToStreamPerFrame:0]]
[2018.12.24-01.24.18:523][  0]LogConfig: Setting CVar [[r.Streaming.Boost:1]]
[2018.12.24-01.24.18:524][  0]LogConfig: Setting CVar [[r.MaxAnisotropy:8]]
[2018.12.24-01.24.18:524][  0]LogConfig: Setting CVar [[r.Streaming.LimitPoolSizeToVRAM:0]]
[2018.12.24-01.24.18:524][  0]LogConfig: Setting CVar [[r.Streaming.PoolSize:1000]]
[2018.12.24-01.24.18:524][  0]LogConfig: Setting CVar [[r.Streaming.MaxEffectiveScreenSize:0]]
[2018.12.24-01.24.18:524][  0]LogConfig: Applying CVar settings from Section [EffectsQuality@3] File [F:/FALL2018/CPSC386_VGD/UNREAL/CrossyRoadz/CrossyRoadz/Saved/Config/Windows/Scalability.ini]
[2018.12.24-01.24.18:524][  0]LogConfig: Setting CVar [[r.TranslucencyLightingVolumeDim:64]]
[2018.12.24-01.24.18:524][  0]LogConfig: Setting CVar [[r.RefractionQuality:2]]
[2018.12.24-01.24.18:524][  0]LogConfig: Setting CVar [[r.SSR.Quality:3]]
[2018.12.24-01.24.18:524][  0]LogConfig: Setting CVar [[r.SceneColorFormat:4]]
[2018.12.24-01.24.18:524][  0]LogConfig: Setting CVar [[r.DetailMode:2]]
[2018.12.24-01.24.18:524][  0]LogConfig: Setting CVar [[r.TranslucencyVolumeBlur:1]]
[2018.12.24-01.24.18:524][  0]LogConfig: Setting CVar [[r.MaterialQualityLevel:1 ; High quality]]
[2018.12.24-01.24.18:524][  0]LogConfig: Setting CVar [[r.SSS.Scale:1]]
[2018.12.24-01.24.18:524][  0]LogConfig: Setting CVar [[r.SSS.SampleSet:2]]
[2018.12.24-01.24.18:524][  0]LogConfig: Setting CVar [[r.SSS.Quality:1]]
[2018.12.24-01.24.18:524][  0]LogConfig: Setting CVar [[r.SSS.HalfRes:1]]
[2018.12.24-01.24.18:524][  0]LogConfig: Setting CVar [[r.EmitterSpawnRateScale:1.0]]
[2018.12.24-01.24.18:524][  0]LogConfig: Setting CVar [[r.ParticleLightQuality:2]]
[2018.12.24-01.24.18:524][  0]LogConfig: Applying CVar settings from Section [FoliageQuality@3] File [F:/FALL2018/CPSC386_VGD/UNREAL/CrossyRoadz/CrossyRoadz/Saved/Config/Windows/Scalability.ini]
[2018.12.24-01.24.18:524][  0]LogConfig: Setting CVar [[foliage.DensityScale:1.0]]
[2018.12.24-01.24.18:524][  0]LogConfig: Setting CVar [[grass.DensityScale:1.0]]
[2018.12.24-01.24.18:524][  0]LogInit: Selected Device Profile: [Windows]
[2018.12.24-01.24.18:524][  0]LogInit: Applying CVar settings loaded from the selected device profile: [Windows]
[2018.12.24-01.24.18:534][  0]LogHAL: Display: Platform has ~ 32 GB [34312470528 / 34359738368 / 32], which maps to Largest [LargestMinGB=32, LargerMinGB=12, DefaultMinGB=8, SmallerMinGB=6, SmallestMinGB=0)
[2018.12.24-01.24.18:535][  0]LogConfig: Setting CVar [[r.Vulkan.UseRealUBs:1]]
[2018.12.24-01.24.18:535][  0]LogInit: Going up to parent DeviceProfile []
[2018.12.24-01.24.18:535][  0]LogConfig: Applying CVar settings from Section [ViewDistanceQuality@3] File [F:/FALL2018/CPSC386_VGD/UNREAL/CrossyRoadz/CrossyRoadz/Saved/Config/Windows/Scalability.ini]
[2018.12.24-01.24.18:535][  0]LogConfig: Setting CVar [[r.SkeletalMeshLODBias:0]]
[2018.12.24-01.24.18:535][  0]LogConfig: Setting CVar [[r.ViewDistanceScale:1.0]]
[2018.12.24-01.24.18:535][  0]LogConfig: Applying CVar settings from Section [AntiAliasingQuality@3] File [F:/FALL2018/CPSC386_VGD/UNREAL/CrossyRoadz/CrossyRoadz/Saved/Config/Windows/Scalability.ini]
[2018.12.24-01.24.18:535][  0]LogConfig: Setting CVar [[r.PostProcessAAQuality:4]]
[2018.12.24-01.24.18:535][  0]LogConfig: Applying CVar settings from Section [ShadowQuality@3] File [F:/FALL2018/CPSC386_VGD/UNREAL/CrossyRoadz/CrossyRoadz/Saved/Config/Windows/Scalability.ini]
[2018.12.24-01.24.18:535][  0]LogConfig: Setting CVar [[r.LightFunctionQuality:1]]
[2018.12.24-01.24.18:535][  0]LogConfig: Setting CVar [[r.ShadowQuality:5]]
[2018.12.24-01.24.18:535][  0]LogConfig: Setting CVar [[r.Shadow.CSM.MaxCascades:10]]
[2018.12.24-01.24.18:535][  0]LogConfig: Setting CVar [[r.Shadow.MaxResolution:2048]]
[2018.12.24-01.24.18:535][  0]LogConfig: Setting CVar [[r.Shadow.MaxCSMResolution:2048]]
[2018.12.24-01.24.18:535][  0]LogConfig: Setting CVar [[r.Shadow.RadiusThreshold:0.01]]
[2018.12.24-01.24.18:535][  0]LogConfig: Setting CVar [[r.Shadow.DistanceScale:1.0]]
[2018.12.24-01.24.18:535][  0]LogConfig: Setting CVar [[r.Shadow.CSM.TransitionScale:1.0]]
[2018.12.24-01.24.18:535][  0]LogConfig: Setting CVar [[r.Shadow.PreShadowResolutionFactor:1.0]]
[2018.12.24-01.24.18:535][  0]LogConfig: Setting CVar [[r.DistanceFieldShadowing:1]]
[2018.12.24-01.24.18:535][  0]LogConfig: Setting CVar [[r.DistanceFieldAO:1]]
[2018.12.24-01.24.18:535][  0]LogConfig: Setting CVar [[r.AOQuality:2]]
[2018.12.24-01.24.18:535][  0]LogConfig: Setting CVar [[r.VolumetricFog:1]]
[2018.12.24-01.24.18:535][  0]LogConfig: Setting CVar [[r.VolumetricFog.GridPixelSize:8]]
[2018.12.24-01.24.18:535][  0]LogConfig: Setting CVar [[r.VolumetricFog.GridSizeZ:128]]
[2018.12.24-01.24.18:535][  0]LogConfig: Setting CVar [[r.VolumetricFog.HistoryMissSupersampleCount:4]]
[2018.12.24-01.24.18:535][  0]LogConfig: Setting CVar [[r.LightMaxDrawDistanceScale:1]]
[2018.12.24-01.24.18:535][  0]LogConfig: Setting CVar [[r.CapsuleShadows:1]]
[2018.12.24-01.24.18:535][  0]LogConfig: Applying CVar settings from Section [PostProcessQuality@3] File [F:/FALL2018/CPSC386_VGD/UNREAL/CrossyRoadz/CrossyRoadz/Saved/Config/Windows/Scalability.ini]
[2018.12.24-01.24.18:535][  0]LogConfig: Setting CVar [[r.MotionBlurQuality:4]]
[2018.12.24-01.24.18:535][  0]LogConfig: Setting CVar [[r.AmbientOcclusionMipLevelFactor:0.4]]
[2018.12.24-01.24.18:535][  0]LogConfig: Setting CVar [[r.AmbientOcclusionMaxQuality:100]]
[2018.12.24-01.24.18:535][  0]LogConfig: Setting CVar [[r.AmbientOcclusionLevels:-1]]
[2018.12.24-01.24.18:535][  0]LogConfig: Setting CVar [[r.AmbientOcclusionRadiusScale:1.0]]
[2018.12.24-01.24.18:535][  0]LogConfig: Setting CVar [[r.DepthOfFieldQuality:2]]
[2018.12.24-01.24.18:535][  0]LogConfig: Setting CVar [[r.RenderTargetPoolMin:400]]
[2018.12.24-01.24.18:535][  0]LogConfig: Setting CVar [[r.LensFlareQuality:2]]
[2018.12.24-01.24.18:535][  0]LogConfig: Setting CVar [[r.SceneColorFringeQuality:1]]
[2018.12.24-01.24.18:535][  0]LogConfig: Setting CVar [[r.EyeAdaptationQuality:2]]
[2018.12.24-01.24.18:535][  0]LogConfig: Setting CVar [[r.BloomQuality:5]]
[2018.12.24-01.24.18:535][  0]LogConfig: Setting CVar [[r.FastBlurThreshold:100]]
[2018.12.24-01.24.18:535][  0]LogConfig: Setting CVar [[r.Upscale.Quality:3]]
[2018.12.24-01.24.18:535][  0]LogConfig: Setting CVar [[r.Tonemapper.GrainQuantization:1]]
[2018.12.24-01.24.18:535][  0]LogConfig: Setting CVar [[r.LightShaftQuality:1]]
[2018.12.24-01.24.18:535][  0]LogConfig: Setting CVar [[r.Filter.SizeScale:1]]
[2018.12.24-01.24.18:535][  0]LogConfig: Setting CVar [[r.Tonemapper.Quality:5]]
[2018.12.24-01.24.18:535][  0]LogConfig: Setting CVar [[r.DOF.Gather.AccumulatorQuality:1        ; higher gathering accumulator quality]]
[2018.12.24-01.24.18:535][  0]LogConfig: Setting CVar [[r.DOF.Gather.PostfilterMethod:1          ; Median3x3 postfilering method]]
[2018.12.24-01.24.18:535][  0]LogConfig: Setting CVar [[r.DOF.Gather.EnableBokehSettings:0       ; no bokeh simulation when gathering]]
[2018.12.24-01.24.18:535][  0]LogConfig: Setting CVar [[r.DOF.Gather.RingCount:4                 ; medium number of samples when gathering]]
[2018.12.24-01.24.18:535][  0]LogConfig: Setting CVar [[r.DOF.Scatter.ForegroundCompositing:1    ; additive foreground scattering]]
[2018.12.24-01.24.18:535][  0]LogConfig: Setting CVar [[r.DOF.Scatter.BackgroundCompositing:2    ; additive background scattering]]
[2018.12.24-01.24.18:535][  0]LogConfig: Setting CVar [[r.DOF.Scatter.EnableBokehSettings:1      ; bokeh simulation when scattering]]
[2018.12.24-01.24.18:535][  0]LogConfig: Setting CVar [[r.DOF.Scatter.MaxSpriteRatio:0.1         ; only a maximum of 10% of scattered bokeh]]
[2018.12.24-01.24.18:535][  0]LogConfig: Setting CVar [[r.DOF.Recombine.Quality:1                ; cheap slight out of focus]]
[2018.12.24-01.24.18:535][  0]LogConfig: Setting CVar [[r.DOF.Recombine.EnableBokehSettings:0    ; no bokeh simulation on slight out of focus]]
[2018.12.24-01.24.18:535][  0]LogConfig: Setting CVar [[r.DOF.TemporalAAQuality:1                ; more stable temporal accumulation]]
[2018.12.24-01.24.18:535][  0]LogConfig: Setting CVar [[r.DOF.Kernel.MaxForegroundRadius:0.025]]
[2018.12.24-01.24.18:535][  0]LogConfig: Setting CVar [[r.DOF.Kernel.MaxBackgroundRadius:0.025]]
[2018.12.24-01.24.18:535][  0]LogConfig: Applying CVar settings from Section [TextureQuality@3] File [F:/FALL2018/CPSC386_VGD/UNREAL/CrossyRoadz/CrossyRoadz/Saved/Config/Windows/Scalability.ini]
[2018.12.24-01.24.18:535][  0]LogConfig: Setting CVar [[r.Streaming.MipBias:0]]
[2018.12.24-01.24.18:535][  0]LogConfig: Setting CVar [[r.Streaming.AmortizeCPUToGPUCopy:0]]
[2018.12.24-01.24.18:535][  0]LogConfig: Setting CVar [[r.Streaming.MaxNumTexturesToStreamPerFrame:0]]
[2018.12.24-01.24.18:535][  0]LogConfig: Setting CVar [[r.Streaming.Boost:1]]
[2018.12.24-01.24.18:535][  0]LogConfig: Setting CVar [[r.MaxAnisotropy:8]]
[2018.12.24-01.24.18:535][  0]LogConfig: Setting CVar [[r.Streaming.LimitPoolSizeToVRAM:0]]
[2018.12.24-01.24.18:535][  0]LogConfig: Setting CVar [[r.Streaming.PoolSize:1000]]
[2018.12.24-01.24.18:535][  0]LogConfig: Setting CVar [[r.Streaming.MaxEffectiveScreenSize:0]]
[2018.12.24-01.24.18:535][  0]LogConfig: Applying CVar settings from Section [EffectsQuality@3] File [F:/FALL2018/CPSC386_VGD/UNREAL/CrossyRoadz/CrossyRoadz/Saved/Config/Windows/Scalability.ini]
[2018.12.24-01.24.18:535][  0]LogConfig: Setting CVar [[r.TranslucencyLightingVolumeDim:64]]
[2018.12.24-01.24.18:535][  0]LogConfig: Setting CVar [[r.RefractionQuality:2]]
[2018.12.24-01.24.18:535][  0]LogConfig: Setting CVar [[r.SSR.Quality:3]]
[2018.12.24-01.24.18:535][  0]LogConfig: Setting CVar [[r.SceneColorFormat:4]]
[2018.12.24-01.24.18:535][  0]LogConfig: Setting CVar [[r.DetailMode:2]]
[2018.12.24-01.24.18:535][  0]LogConfig: Setting CVar [[r.TranslucencyVolumeBlur:1]]
[2018.12.24-01.24.18:535][  0]LogConfig: Setting CVar [[r.MaterialQualityLevel:1 ; High quality]]
[2018.12.24-01.24.18:535][  0]LogConfig: Setting CVar [[r.SSS.Scale:1]]
[2018.12.24-01.24.18:535][  0]LogConfig: Setting CVar [[r.SSS.SampleSet:2]]
[2018.12.24-01.24.18:535][  0]LogConfig: Setting CVar [[r.SSS.Quality:1]]
[2018.12.24-01.24.18:535][  0]LogConfig: Setting CVar [[r.SSS.HalfRes:1]]
[2018.12.24-01.24.18:535][  0]LogConfig: Setting CVar [[r.EmitterSpawnRateScale:1.0]]
[2018.12.24-01.24.18:535][  0]LogConfig: Setting CVar [[r.ParticleLightQuality:2]]
[2018.12.24-01.24.18:535][  0]LogConfig: Applying CVar settings from Section [FoliageQuality@3] File [F:/FALL2018/CPSC386_VGD/UNREAL/CrossyRoadz/CrossyRoadz/Saved/Config/Windows/Scalability.ini]
[2018.12.24-01.24.18:535][  0]LogConfig: Setting CVar [[foliage.DensityScale:1.0]]
[2018.12.24-01.24.18:535][  0]LogConfig: Setting CVar [[grass.DensityScale:1.0]]
[2018.12.24-01.24.18:535][  0]LogConfig: Applying CVar settings from Section [Startup] File [../../../Engine/Config/ConsoleVariables.ini]
[2018.12.24-01.24.18:536][  0]LogConfig: Setting CVar [[net.UseAdaptiveNetUpdateFrequency:0]]
[2018.12.24-01.24.18:536][  0]LogConfig: Applying CVar settings from Section [ConsoleVariables] File [F:/FALL2018/CPSC386_VGD/UNREAL/CrossyRoadz/CrossyRoadz/Saved/Config/Windows/Engine.ini]
[2018.12.24-01.24.18:536][  0]LogInit: Computer: DESKTOP-H5JS6CP
[2018.12.24-01.24.18:536][  0]LogInit: User: IanMichaelJesu
[2018.12.24-01.24.18:536][  0]LogInit: CPU Page size=4096, Cores=6
[2018.12.24-01.24.18:536][  0]LogInit: High frequency timer resolution =3.609370 MHz
[2018.12.24-01.24.18:536][  0]LogMemory: Memory total: Physical=32.0GB (32GB approx)
[2018.12.24-01.24.18:536][  0]LogMemory: Platform Memory Stats for Windows
[2018.12.24-01.24.18:536][  0]LogMemory: Process Physical Memory: 103.94 MB used, 103.94 MB peak
[2018.12.24-01.24.18:536][  0]LogMemory: Process Virtual Memory: 94.70 MB used, 94.70 MB peak
[2018.12.24-01.24.18:536][  0]LogMemory: Physical Memory: 17811.38 MB used,  14911.54 MB free, 32722.92 MB total
[2018.12.24-01.24.18:536][  0]LogMemory: Virtual Memory: 4672.96 MB used,  134213056.00 MB free, 134217728.00 MB total
[2018.12.24-01.24.19:129][  0]LogInit: Using OS detected language (en-US).
[2018.12.24-01.24.19:129][  0]LogInit: Using OS detected locale (en-US).
[2018.12.24-01.24.19:130][  0]LogTextLocalizationManager: No specific localization for 'en-US' exists, so the 'en' localization will be used.
[2018.12.24-01.24.19:463][  0]LogStreaming: Display: Took  0.334s to InitEngineTextLocalization.
[2018.12.24-01.24.19:464][  0]LogInit: Setting process to per monitor DPI aware
[2018.12.24-01.24.19:530][  0]LogSlate: New Slate User Created.  User Index 0, Is Virtual User: 0
[2018.12.24-01.24.19:530][  0]LogSlate: Slate User Registered.  User Index 0, Is Virtual User: 0
[2018.12.24-01.24.19:724][  0]LogHMD: Failed to initialize OpenVR with code 110
[2018.12.24-01.24.19:724][  0]LogD3D11RHI: D3D11 adapters:
[2018.12.24-01.24.19:785][  0]LogD3D11RHI:    0. 'NVIDIA GeForce GTX 1080 Ti' (Feature Level 11_0)
[2018.12.24-01.24.19:785][  0]LogD3D11RHI:       11127/0/16361 MB DedicatedVideo/DedicatedSystem/SharedSystem, Outputs:2, VendorId:0x10de
[2018.12.24-01.24.19:788][  0]LogD3D11RHI:    1. 'Microsoft Basic Render Driver' (Feature Level 11_0)
[2018.12.24-01.24.19:788][  0]LogD3D11RHI:       0/0/16361 MB DedicatedVideo/DedicatedSystem/SharedSystem, Outputs:0, VendorId:0x1414
[2018.12.24-01.24.19:788][  0]LogD3D11RHI: Chosen D3D11 Adapter: 0
[2018.12.24-01.24.19:803][  0]LogD3D11RHI: Creating new Direct3DDevice
[2018.12.24-01.24.19:803][  0]LogD3D11RHI:     GPU DeviceId: 0x1b06 (for the marketing name, search the web for "GPU Device Id")
[2018.12.24-01.24.19:803][  0]LogWindows: EnumDisplayDevices:
[2018.12.24-01.24.19:803][  0]LogWindows:    0. 'NVIDIA GeForce GTX 1080 Ti' (P:0 D:1)
[2018.12.24-01.24.19:803][  0]LogWindows:    1. 'NVIDIA GeForce GTX 1080 Ti' (P:1 D:1)
[2018.12.24-01.24.19:803][  0]LogWindows:    2. 'NVIDIA GeForce GTX 1080 Ti' (P:0 D:0)
[2018.12.24-01.24.19:803][  0]LogWindows:    3. 'NVIDIA GeForce GTX 1080 Ti' (P:0 D:0)
[2018.12.24-01.24.19:803][  0]LogWindows: DebugString: FoundDriverCount:4 
[2018.12.24-01.24.19:803][  0]LogD3D11RHI:     Adapter Name: NVIDIA GeForce GTX 1080 Ti
[2018.12.24-01.24.19:803][  0]LogD3D11RHI:   Driver Version: 417.22 (internal:25.21.14.1722, unified:417.22)
[2018.12.24-01.24.19:803][  0]LogD3D11RHI:      Driver Date: 11-29-2018
[2018.12.24-01.24.19:803][  0]LogRHI: Texture pool is 7788 MB (70% of 11127 MB)
[2018.12.24-01.24.19:841][  0]LogD3D11RHI: Async texture creation enabled
[2018.12.24-01.24.19:858][  0]LogD3D11RHI: GPU Timing Frequency: 1000.000000 (Debug: 2 2)
[2018.12.24-01.24.20:206][  0]LogTemp: Display: Loaded TP AllDesktopTargetPlatform
[2018.12.24-01.24.20:217][  0]LogTemp: Display: Loaded TP MacClientTargetPlatform
[2018.12.24-01.24.20:228][  0]LogTemp: Display: Loaded TP MacNoEditorTargetPlatform
[2018.12.24-01.24.20:239][  0]LogTemp: Display: Loaded TP MacServerTargetPlatform
[2018.12.24-01.24.20:251][  0]LogTemp: Display: Loaded TP MacTargetPlatform
[2018.12.24-01.24.20:263][  0]LogTemp: Display: Loaded TP WindowsClientTargetPlatform
[2018.12.24-01.24.20:274][  0]LogTemp: Display: Loaded TP WindowsNoEditorTargetPlatform
[2018.12.24-01.24.20:285][  0]LogTemp: Display: Loaded TP WindowsServerTargetPlatform
[2018.12.24-01.24.20:291][  0]LogTemp: Display: Loaded TP WindowsTargetPlatform
[2018.12.24-01.24.20:360][  0]LogTemp: Display: Loaded TP AndroidTargetPlatform
[2018.12.24-01.24.20:360][  0]LogTemp: Display: Loaded TP AndroidTargetPlatform
[2018.12.24-01.24.20:360][  0]LogTemp: Display: Loaded TP AndroidTargetPlatform
[2018.12.24-01.24.20:360][  0]LogTemp: Display: Loaded TP AndroidTargetPlatform
[2018.12.24-01.24.20:360][  0]LogTemp: Display: Loaded TP AndroidTargetPlatform
[2018.12.24-01.24.20:360][  0]LogTemp: Display: Loaded TP AndroidTargetPlatform
[2018.12.24-01.24.20:360][  0]LogTemp: Display: Loaded TP AndroidTargetPlatform
[2018.12.24-01.24.20:360][  0]LogTemp: Display: Loaded TP AndroidTargetPlatform
[2018.12.24-01.24.20:360][  0]LogTemp: Display: Loaded TP AndroidTargetPlatform
[2018.12.24-01.24.20:360][  0]LogTemp: Display: Loaded TP AndroidTargetPlatform
[2018.12.24-01.24.20:360][  0]LogTemp: Display: Loaded TP AndroidTargetPlatform
[2018.12.24-01.24.20:360][  0]LogTemp: Display: Loaded TP AndroidTargetPlatform
[2018.12.24-01.24.20:360][  0]LogTemp: Display: Loaded TP AndroidTargetPlatform
[2018.12.24-01.24.20:360][  0]LogTemp: Display: Loaded TP AndroidTargetPlatform
[2018.12.24-01.24.20:360][  0]LogTemp: Display: Loaded TP AndroidTargetPlatform
[2018.12.24-01.24.20:360][  0]LogTemp: Display: Loaded TP AndroidTargetPlatform
[2018.12.24-01.24.20:360][  0]LogTemp: Display: Loaded TP AndroidTargetPlatform
[2018.12.24-01.24.20:360][  0]LogTemp: Display: Loaded TP AndroidTargetPlatform
[2018.12.24-01.24.20:361][  0]LogTemp: Display: Loaded TP HTML5TargetPlatform
[2018.12.24-01.24.20:416][  0]LogTemp: Display: Loaded TP IOSTargetPlatform
[2018.12.24-01.24.20:416][  0]LogTemp: Display: Loaded TP IOSTargetPlatform
[2018.12.24-01.24.20:435][  0]LogTemp: Display: Loaded TP TVOSTargetPlatform
[2018.12.24-01.24.20:435][  0]LogTemp: Display: Loaded TP TVOSTargetPlatform
[2018.12.24-01.24.20:446][  0]LogTemp: Display: Loaded TP LinuxClientTargetPlatform
[2018.12.24-01.24.20:456][  0]LogTemp: Display: Loaded TP LinuxNoEditorTargetPlatform
[2018.12.24-01.24.20:470][  0]LogTemp: Display: Loaded TP LinuxServerTargetPlatform
[2018.12.24-01.24.20:483][  0]LogTemp: Display: Loaded TP LinuxTargetPlatform
[2018.12.24-01.24.20:519][  0]LogTemp: Display: Loaded TP LuminTargetPlatform
[2018.12.24-01.24.20:519][  0]LogTemp: Display: Loaded TP LuminTargetPlatform
[2018.12.24-01.24.20:519][  0]LogTargetPlatformManager: Display: Building Assets For Windows
[2018.12.24-01.24.20:573][  0]LogShaderCompilers: Guid format shader working directory is 2 characters bigger than the processId version (F:/FALL2018/CPSC386_VGD/UNREAL/CrossyRoadz/CrossyRoadz/Intermediate/Shaders/WorkingDirectory/29188/).
[2018.12.24-01.24.20:573][  0]LogShaderCompilers: Cleaned the shader compiler working directory 'C:/Users/Ian Michael Jesu/AppData/Local/Temp/UnrealShaderWorkingDir/9FC564D6476469B2387205A7F54FC615/'.
[2018.12.24-01.24.20:575][  0]LogXGEController: Cannot use XGE Controller as Incredibuild is not installed on this machine.
[2018.12.24-01.24.20:575][  0]LogShaderCompilers: Cannot use XGE Shader Compiler as Incredibuild is not installed on this machine.
[2018.12.24-01.24.20:575][  0]LogShaderCompilers: Display: Using Local Shader Compiler.
[2018.12.24-01.24.21:025][  0]LogDerivedDataCache: Display: Max Cache Size: 512 MB
[2018.12.24-01.24.21:074][  0]LogDerivedDataCache: Loaded boot cache 0.05s 71MB C:/Users/Ian Michael Jesu/AppData/Local/UnrealEngine/4.21/DerivedDataCache/Boot.ddc.
[2018.12.24-01.24.21:074][  0]LogDerivedDataCache: Display: Loaded Boot cache: C:/Users/Ian Michael Jesu/AppData/Local/UnrealEngine/4.21/DerivedDataCache/Boot.ddc
[2018.12.24-01.24.21:074][  0]LogDerivedDataCache: FDerivedDataBackendGraph:  Pak pak cache file F:/FALL2018/CPSC386_VGD/UNREAL/CrossyRoadz/CrossyRoadz/DerivedDataCache/DDC.ddp not found, will not use a pak cache.
[2018.12.24-01.24.21:074][  0]LogDerivedDataCache: Unable to find inner node Pak for hierarchical cache Hierarchy.
[2018.12.24-01.24.21:074][  0]LogDerivedDataCache: FDerivedDataBackendGraph:  CompressedPak pak cache file F:/FALL2018/CPSC386_VGD/UNREAL/CrossyRoadz/CrossyRoadz/DerivedDataCache/Compressed.ddp not found, will not use a pak cache.
[2018.12.24-01.24.21:074][  0]LogDerivedDataCache: Unable to find inner node CompressedPak for hierarchical cache Hierarchy.
[2018.12.24-01.24.21:086][  0]LogDerivedDataCache: Display: Pak cache opened for reading ../../../Engine/DerivedDataCache/Compressed.ddp.
[2018.12.24-01.24.21:086][  0]LogDerivedDataCache: FDerivedDataBackendGraph:  EnterprisePak pak cache file ../../../Enterprise/DerivedDataCache/Compressed.ddp not found, will not use a pak cache.
[2018.12.24-01.24.21:086][  0]LogDerivedDataCache: Unable to find inner node EnterprisePak for hierarchical cache Hierarchy.
[2018.12.24-01.24.21:098][  0]LogDerivedDataCache: Using Local data cache path C:/Users/Ian Michael Jesu/AppData/Local/UnrealEngine/Common/DerivedDataCache: Writable
[2018.12.24-01.24.21:098][  0]LogDerivedDataCache: Shared data cache path not found in *engine.ini, will not use an Shared cache.
[2018.12.24-01.24.21:098][  0]LogDerivedDataCache: Unable to find inner node Shared for hierarchical cache Hierarchy.
[2018.12.24-01.24.21:122][  0]LogMaterial: Verifying Global Shaders for PCD3D_SM5
[2018.12.24-01.24.21:123][  0]LogSlate: Using FreeType 2.6.0
[2018.12.24-01.24.21:124][  0]LogSlate: SlateFontServices - WITH_FREETYPE: 1, WITH_HARFBUZZ: 1
[2018.12.24-01.24.21:202][  0]LogAssetRegistry: FAssetRegistry took 0.0312 seconds to start up
[2018.12.24-01.24.21:489][  0]LogInit: Selected Device Profile: [Windows]
[2018.12.24-01.24.21:617][  0]LogSimplygon: Simplygon DLL not present - disabling.
[2018.12.24-01.24.21:621][  0]LogMeshReduction: Using SimplygonSwarm for distributed automatic mesh merging
[2018.12.24-01.24.21:621][  0]LogMeshReduction: Using ProxyLODMeshReduction for automatic mesh merging
[2018.12.24-01.24.21:621][  0]LogMeshReduction: Using QuadricMeshReduction for automatic static mesh reduction
[2018.12.24-01.24.21:621][  0]LogMeshReduction: No automatic skeletal mesh reduction module available
[2018.12.24-01.24.21:635][  0]LogNetVersion: CrossyRoadz 1.0.0, NetCL: 4541578, EngineNetVer: 5, GameNetVer: 0 (Checksum: 1560421723)
[2018.12.24-01.24.22:146][  0]LogPackageLocalizationCache: Processed 11 localized package path(s) for 2 prioritized culture(s) in 0.122220 seconds
[2018.12.24-01.24.22:152][  0]LogUObjectArray: 39775 objects as part of root set at end of initial load.
[2018.12.24-01.24.22:152][  0]LogUObjectAllocator: 6914664 out of 0 bytes used by permanent object pool.
[2018.12.24-01.24.22:152][  0]LogUObjectArray: CloseDisregardForGC: 0/0 objects in disregard for GC pool
[2018.12.24-01.24.22:916][  0]LogTcpMessaging: Initializing TcpMessaging bridge
[2018.12.24-01.24.22:930][  0]LogUdpMessaging: Initializing bridge on interface 0.0.0.0:0 to multicast group 230.0.0.1:6666.
[2018.12.24-01.24.23:553][  0]SourceControl: Source control is disabled
[2018.12.24-01.24.23:553][  0]SourceControl: Source control is disabled
[2018.12.24-01.24.23:554][  0]SourceControl: Source control is disabled
[2018.12.24-01.24.23:555][  0]SourceControl: Source control is disabled
[2018.12.24-01.24.23:730][  0]LogAndroidPermission: UAndroidPermissionCallbackProxy::GetInstance
[2018.12.24-01.24.23:851][  0]LogOcInput: OculusInput pre-init called
[2018.12.24-01.24.23:989][  0]LogEngine: Initializing Engine...
[2018.12.24-01.24.23:990][  0]LogHMD: Failed to initialize OpenVR with code 110
[2018.12.24-01.24.23:990][  0]LogStats: UGameplayTagsManager::ConstructGameplayTagTree: ImportINI prefixes -  0.000 s
[2018.12.24-01.24.23:990][  0]LogStats: UGameplayTagsManager::ConstructGameplayTagTree: Construct from data asset -  0.000 s
[2018.12.24-01.24.23:991][  0]LogStats: UGameplayTagsManager::ConstructGameplayTagTree: ImportINI -  0.000 s
[2018.12.24-01.24.23:991][  0]LogStats: UGameplayTagsManager::ConstructGameplayTagTree: GameplayTagTreeChangedEvent.Broadcast -  0.000 s
[2018.12.24-01.24.24:215][  0]LogInit: Initializing FReadOnlyCVARCache
[2018.12.24-01.24.24:227][  0]LogAIModule: Creating AISystem for world Untitled
[2018.12.24-01.24.24:309][  0]LogInit: XAudio2 using 'VG248 (NVIDIA High Definition Audio)' : 2 channels at 48 kHz using 16 bits per sample (channel mask 0x3)
[2018.12.24-01.24.24:324][  0]LogInit: FAudioDevice initialized.
[2018.12.24-01.24.24:324][  0]LogNetVersion: Set ProjectVersion to 1.0.0.0. Version Checksum will be recalculated on next use.
[2018.12.24-01.24.24:398][  0]LogDerivedDataCache: Saved boot cache 0.07s 71MB C:/Users/Ian Michael Jesu/AppData/Local/UnrealEngine/4.21/DerivedDataCache/Boot.ddc.
[2018.12.24-01.24.24:417][  0]LogInit: Texture streaming: Enabled
[2018.12.24-01.24.24:435][  0]LogEngineSessionManager: EngineSessionManager initialized
[2018.12.24-01.24.24:450][  0]LogInit: Transaction tracking system initialized
[2018.12.24-01.24.24:476][  0]BlueprintLog: New page: Editor Load
[2018.12.24-01.24.24:552][  0]LocalizationService: Localization service is disabled
[2018.12.24-01.24.24:856][  0]LogLinker: Warning: Can't find file '/Game/ThirdPersonBP/ThirdPersonOverview'
[2018.12.24-01.24.24:856][  0]LogLinker: Warning: Can't find file '/Game/ThirdPersonBP/ThirdPersonOverview'
[2018.12.24-01.24.24:856][  0]LogUObjectGlobals: Warning: Failed to find object 'Class /Game/ThirdPersonBP/ThirdPersonOverview.ThirdPersonOverview_C'
[2018.12.24-01.24.25:059][  0]LogFileCache: Scanning file cache for directory 'F:/FALL2018/CPSC386_VGD/UNREAL/CrossyRoadz/CrossyRoadz/Content/' took 0.01s
[2018.12.24-01.24.25:059][  0]LogCook: Display: Max memory allowance for cook 16384mb min free memory 0mb
[2018.12.24-01.24.25:059][  0]LogCook: Display: Mobile HDR setting 1
[2018.12.24-01.24.25:059][  0]LogGameplayTags: Display: UGameplayTagsManager::DoneAddingNativeTags. DelegateIsBound: 0
[2018.12.24-01.24.25:059][  0]LogStats: UGameplayTagsManager::ConstructGameplayTagTree: ImportINI prefixes -  0.000 s
[2018.12.24-01.24.25:059][  0]LogStats: UGameplayTagsManager::ConstructGameplayTagTree: Construct from data asset -  0.000 s
[2018.12.24-01.24.25:059][  0]LogStats: UGameplayTagsManager::ConstructGameplayTagTree: ImportINI -  0.000 s
[2018.12.24-01.24.25:059][  0]LogStats: UGameplayTagsManager::ConstructGameplayTagTree: GameplayTagTreeChangedEvent.Broadcast -  0.000 s
[2018.12.24-01.24.25:180][  0]SourceControl: Source control is disabled
[2018.12.24-01.24.25:180][  0]Cmd: MAP LOAD FILE="../../../Engine/Content/Maps/Templates/Template_Default.umap" TEMPLATE=1 SHOWPROGRESS=1 FEATURELEVEL=3
[2018.12.24-01.24.25:181][  0]LightingResults: New page: Lighting Build
[2018.12.24-01.24.25:184][  0]MapCheck: New page: Map Check
[2018.12.24-01.24.25:184][  0]LightingResults: New page: Lighting Build
[2018.12.24-01.24.25:341][  0]LogAIModule: Creating AISystem for world Untitled_1
[2018.12.24-01.24.25:348][  0]LogEditorServer: Finished looking for orphan Actors (0.000 secs)
[2018.12.24-01.24.25:373][  0]Cmd: MAP CHECKDEP NOCLEARLOG
[2018.12.24-01.24.25:374][  0]MapCheck: Map check complete: 0 Error(s), 0 Warning(s), took 0.171ms to complete.
[2018.12.24-01.24.25:374][  0]LogFileHelpers: Loading map 'Template_Default' took 0.194
[2018.12.24-01.24.25:500][  0]LogSlate: Updating window title bar state: overlay mode, drag disabled, window buttons hidden, title bar hidden
[2018.12.24-01.24.25:506][  0]LogSlate: Updating window title bar state: overlay mode, drag disabled, window buttons hidden, title bar hidden
[2018.12.24-01.24.25:512][  0]LogSlate: Updating window title bar state: overlay mode, drag disabled, window buttons hidden, title bar hidden
[2018.12.24-01.24.25:519][  0]LogSlate: Updating window title bar state: overlay mode, drag disabled, window buttons hidden, title bar hidden
[2018.12.24-01.24.25:524][  0]LogCollectionManager: Loaded 0 collections in 0.001614 seconds
[2018.12.24-01.24.25:553][  0]LogFileCache: Scanning file cache for directory 'F:/FALL2018/CPSC386_VGD/UNREAL/CrossyRoadz/CrossyRoadz/Saved/Collections/' took 0.01s
[2018.12.24-01.24.25:553][  0]LogFileCache: Scanning file cache for directory 'F:/FALL2018/CPSC386_VGD/UNREAL/CrossyRoadz/CrossyRoadz/Content/Developers/IanMichaelJesu/Collections/' took 0.00s
[2018.12.24-01.24.25:553][  0]LogFileCache: Scanning file cache for directory 'F:/FALL2018/CPSC386_VGD/UNREAL/CrossyRoadz/CrossyRoadz/Content/Collections/' took 0.01s
[2018.12.24-01.24.25:553][  0]LogCollectionManager: Rebuilt the GUID cache for 0 collections in 0.000000 seconds
[2018.12.24-01.24.25:561][  0]LogContentBrowser: Native class hierarchy populated in 0.0078 seconds. Added 2651 classes and 620 folders.
[2018.12.24-01.24.25:568][  0]LogContentBrowser: Native class hierarchy updated for 'WidgetCarousel' in 0.0004 seconds. Added 0 classes and 0 folders.
[2018.12.24-01.24.25:570][  0]LogPakFile: Registered encryption key '00000000000000000000000000000000': 0 pak files mounted, 0 remain pending
[2018.12.24-01.24.25:570][  0]LogPakFile: Registered encryption key '00000000000000000000000000000000': 0 pak files mounted, 0 remain pending
[2018.12.24-01.24.25:571][  0]LogPakFile: Registered encryption key '00000000000000000000000000000000': 0 pak files mounted, 0 remain pending
[2018.12.24-01.24.25:571][  0]LogPakFile: Registered encryption key '00000000000000000000000000000000': 0 pak files mounted, 0 remain pending
[2018.12.24-01.24.25:571][  0]LogPakFile: Registered encryption key '00000000000000000000000000000000': 0 pak files mounted, 0 remain pending
[2018.12.24-01.24.25:572][  0]LogPakFile: Registered encryption key '00000000000000000000000000000000': 0 pak files mounted, 0 remain pending
[2018.12.24-01.24.25:572][  0]LogPakFile: Registered encryption key '00000000000000000000000000000000': 0 pak files mounted, 0 remain pending
[2018.12.24-01.24.25:573][  0]LogPakFile: Registered encryption key '00000000000000000000000000000000': 0 pak files mounted, 0 remain pending
[2018.12.24-01.24.25:573][  0]LogPakFile: Registered encryption key '00000000000000000000000000000000': 0 pak files mounted, 0 remain pending
[2018.12.24-01.24.25:573][  0]LogPakFile: Registered encryption key '00000000000000000000000000000000': 0 pak files mounted, 0 remain pending
[2018.12.24-01.24.25:574][  0]LogPakFile: Registered encryption key '00000000000000000000000000000000': 0 pak files mounted, 0 remain pending
[2018.12.24-01.24.25:574][  0]LogPakFile: Registered encryption key '00000000000000000000000000000000': 0 pak files mounted, 0 remain pending
[2018.12.24-01.24.25:574][  0]LogPakFile: Registered encryption key '00000000000000000000000000000000': 0 pak files mounted, 0 remain pending
[2018.12.24-01.24.25:575][  0]LogPakFile: Registered encryption key '00000000000000000000000000000000': 0 pak files mounted, 0 remain pending
[2018.12.24-01.24.25:575][  0]LogPakFile: Registered encryption key '00000000000000000000000000000000': 0 pak files mounted, 0 remain pending
[2018.12.24-01.24.25:576][  0]LogPakFile: Registered encryption key '00000000000000000000000000000000': 0 pak files mounted, 0 remain pending
[2018.12.24-01.24.25:576][  0]LogPakFile: Registered encryption key '00000000000000000000000000000000': 0 pak files mounted, 0 remain pending
[2018.12.24-01.24.25:577][  0]LogPakFile: Registered encryption key '00000000000000000000000000000000': 0 pak files mounted, 0 remain pending
[2018.12.24-01.24.25:577][  0]LogPakFile: Registered encryption key '00000000000000000000000000000000': 0 pak files mounted, 0 remain pending
[2018.12.24-01.24.25:578][  0]LogPakFile: Registered encryption key '00000000000000000000000000000000': 0 pak files mounted, 0 remain pending
[2018.12.24-01.24.25:578][  0]LogPakFile: Registered encryption key '00000000000000000000000000000000': 0 pak files mounted, 0 remain pending
[2018.12.24-01.24.25:579][  0]LogPakFile: Registered encryption key '00000000000000000000000000000000': 0 pak files mounted, 0 remain pending
[2018.12.24-01.24.25:580][  0]LogPakFile: Registered encryption key '00000000000000000000000000000000': 0 pak files mounted, 0 remain pending
[2018.12.24-01.24.25:580][  0]LogPakFile: Registered encryption key '00000000000000000000000000000000': 0 pak files mounted, 0 remain pending
[2018.12.24-01.24.25:581][  0]LogPakFile: Registered encryption key '00000000000000000000000000000000': 0 pak files mounted, 0 remain pending
[2018.12.24-01.24.25:581][  0]LogPakFile: Registered encryption key '00000000000000000000000000000000': 0 pak files mounted, 0 remain pending
[2018.12.24-01.24.25:616][  0]LogContentBrowser: Native class hierarchy updated for 'AddContentDialog' in 0.0002 seconds. Added 0 classes and 0 folders.
[2018.12.24-01.24.25:623][  0]LogContentBrowser: Native class hierarchy updated for 'SceneOutliner' in 0.0003 seconds. Added 1 classes and 2 folders.
[2018.12.24-01.24.25:694][  0]LogSlate: Took 0.000249 seconds to synchronously load lazily loaded font '../../../Engine/Content/Slate/Fonts/Roboto-Regular.ttf' (155K)
[2018.12.24-01.24.25:696][  0]LogSlate: Took 0.000196 seconds to synchronously load lazily loaded font '../../../Engine/Content/Slate/Fonts/Roboto-Bold.ttf' (160K)
[2018.12.24-01.24.25:702][  0]LogSlate: Took 0.000243 seconds to synchronously load lazily loaded font '../../../Engine/Content/Editor/Slate/Fonts/FontAwesome.ttf' (139K)
[2018.12.24-01.24.25:777][  0]LogRenderer: Reallocating scene render targets to support 1208x576 Format 10 NumSamples 1 (Frame:1).
[2018.12.24-01.24.25:883][  0]LogContentBrowser: Native class hierarchy updated for 'HierarchicalLODOutliner' in 0.0002 seconds. Added 0 classes and 0 folders.
[2018.12.24-01.24.25:883][  0]LogLoad: (Engine Initialization) Total time: 9.27 seconds
[2018.12.24-01.24.25:883][  0]LogLoad: (Engine Initialization) Total Blueprint compile time: 0.00 seconds
[2018.12.24-01.24.25:893][  0]LogWindowsTextInputMethodSystem: Display: IME system now deactivated.
[2018.12.24-01.24.25:952][  0]LogContentStreaming: Texture pool size now 1000 MB
[2018.12.24-01.24.25:990][  1]LogAssetRegistry: Asset discovery search completed in 4.8109 seconds
[2018.12.24-01.24.25:992][  1]LogCollectionManager: Rebuilt the object cache for 0 collections in 0.000000 seconds (found 0 objects)
[2018.12.24-01.24.25:992][  1]LogCollectionManager: Fixed up redirectors for 0 collections in 0.000061 seconds (updated 0 objects)
[2018.12.24-01.24.29:975][460]LogSlate: Took 0.000138 seconds to synchronously load lazily loaded font '../../../Engine/Content/Slate/Fonts/Roboto-Light.ttf' (167K)
[2018.12.24-01.24.37:734][350]LogSlate: FSceneViewport::OnFocusLost() reason 0
[2018.12.24-01.24.38:399][425]LogTemp: Repeating last play command: Selected Viewport
[2018.12.24-01.24.38:411][425]LogBlueprintUserMessages: Early PlayInEditor Detection: Level '/Temp/Untitled_1.Untitled_1:PersistentLevel' has LevelScriptBlueprint '/Temp/Untitled_1.Untitled_1:PersistentLevel.Untitled' with GeneratedClass '/Temp/Untitled_1.Untitled_C' with ClassGeneratedBy '/Temp/Untitled_1.Untitled_1:PersistentLevel.Untitled'
[2018.12.24-01.24.38:411][425]LogPlayLevel: PlayLevel: No blueprints needed recompiling
[2018.12.24-01.24.38:411][425]PIE: New page: PIE session: Untitled_1 (Dec 23, 2018, 9:24:38 AM)
[2018.12.24-01.24.38:423][425]LogPlayLevel: Creating play world package: /Temp/UEDPIE_0_Untitled_1
[2018.12.24-01.24.38:425][425]LogPlayLevel: PIE: StaticDuplicateObject took: (0.002244s)
[2018.12.24-01.24.38:425][425]LogAIModule: Creating AISystem for world Untitled_1
[2018.12.24-01.24.38:426][425]LogPlayLevel: PIE: World Init took: (0.000485s)
[2018.12.24-01.24.38:426][425]LogPlayLevel: PIE: Created PIE world by copying editor world from /Temp/Untitled_1.Untitled_1 to /Temp/UEDPIE_0_Untitled_1.Untitled_1 (0.002937s)
[2018.12.24-01.24.38:467][425]LogInit: XAudio2 using 'VG248 (NVIDIA High Definition Audio)' : 2 channels at 48 kHz using 16 bits per sample (channel mask 0x3)
[2018.12.24-01.24.38:476][425]LogInit: FAudioDevice initialized.
[2018.12.24-01.24.38:522][425]LogLoad: Game class is 'GameModeBase'
[2018.12.24-01.24.38:523][425]LogWorld: Bringing World /Temp/UEDPIE_0_Untitled_1.Untitled_1 up for play (max tick rate 0) at 2018.12.23-17.24.38
[2018.12.24-01.24.38:523][425]LogWorld: Bringing up level for play took: 0.000480
[2018.12.24-01.24.38:539][425]LogContentBrowser: Native class hierarchy updated for 'MovieSceneCapture' in 0.0003 seconds. Added 20 classes and 0 folders.
[2018.12.24-01.24.38:541][425]PIE: Play in editor start time for /Temp/UEDPIE_0_Untitled_1 0.375
[2018.12.24-01.24.38:541][425]LogBlueprintUserMessages: Late PlayInEditor Detection: Level '/Temp/Untitled_1.Untitled_1:PersistentLevel' has LevelScriptBlueprint '/Temp/Untitled_1.Untitled_1:PersistentLevel.Untitled' with GeneratedClass '/Temp/Untitled_1.Untitled_C' with ClassGeneratedBy '/Temp/Untitled_1.Untitled_1:PersistentLevel.Untitled'
[2018.12.24-01.24.40:862][677]LogBlueprintUserMessages: Early EndPlayMap Detection: Level '/Temp/Untitled_1.Untitled_1:PersistentLevel' has LevelScriptBlueprint '/Temp/Untitled_1.Untitled_1:PersistentLevel.Untitled' with GeneratedClass '/Temp/Untitled_1.Untitled_C' with ClassGeneratedBy '/Temp/Untitled_1.Untitled_1:PersistentLevel.Untitled'
[2018.12.24-01.24.40:863][677]LogSlate: Updating window title bar state: overlay mode, drag disabled, window buttons hidden, title bar hidden
[2018.12.24-01.24.40:897][677]LogPlayLevel: Display: Shutting down PIE online subsystems
[2018.12.24-01.24.40:898][677]LogBlueprintUserMessages: Late EndPlayMap Detection: Level '/Temp/Untitled_1.Untitled_1:PersistentLevel' has LevelScriptBlueprint '/Temp/Untitled_1.Untitled_1:PersistentLevel.Untitled' with GeneratedClass '/Temp/Untitled_1.Untitled_C' with ClassGeneratedBy '/Temp/Untitled_1.Untitled_1:PersistentLevel.Untitled'
[2018.12.24-01.24.40:922][677]LogSlate: Updating window title bar state: overlay mode, drag disabled, window buttons hidden, title bar hidden
[2018.12.24-01.24.40:966][680]LogPlayLevel: Display: Destroying online subsystem :Context_1
[2018.12.24-01.24.44:855][109]LogSlate: Took 0.000203 seconds to synchronously load lazily loaded font '../../../Engine/Content/Slate/Fonts/Roboto-Light.ttf' (167K)
[2018.12.24-01.24.45:252][109]LogAIModule: Creating AISystem for world MainMenu
[2018.12.24-01.24.45:258][109]LogAssetEditorManager: Opening Asset editor for World /Game/Levels/MainMenu.MainMenu
[2018.12.24-01.24.45:284][109]Cmd: MAP LOAD FILE="F:/FALL2018/CPSC386_VGD/UNREAL/CrossyRoadz/CrossyRoadz/Content/Levels/MainMenu.umap" TEMPLATE=0 SHOWPROGRESS=1 FEATURELEVEL=3
[2018.12.24-01.24.45:284][109]LightingResults: New page: Lighting Build
[2018.12.24-01.24.45:285][109]LoadErrors: New page: Loading map: MainMenu.umap
[2018.12.24-01.24.45:285][109]MapCheck: New page: Map Check
[2018.12.24-01.24.45:285][109]LightingResults: New page: Lighting Build
[2018.12.24-01.24.45:369][109]LogEditorServer: Finished looking for orphan Actors (0.000 secs)
[2018.12.24-01.24.45:417][109]Cmd: MAP CHECKDEP NOCLEARLOG
[2018.12.24-01.24.45:417][109]MapCheck: Map check complete: 0 Error(s), 0 Warning(s), took 0.093ms to complete.
[2018.12.24-01.24.45:417][109]LogFileHelpers: Loading map 'MainMenu' took 0.134
[2018.12.24-01.24.45:778][145]LogTemp: Repeating last play command: Selected Viewport
[2018.12.24-01.24.45:790][145]LogBlueprintUserMessages: Early PlayInEditor Detection: Level '/Game/Levels/MainMenu.MainMenu:PersistentLevel' has LevelScriptBlueprint '/Game/Levels/MainMenu.MainMenu:PersistentLevel.MainMenu' with GeneratedClass '/Game/Levels/MainMenu.MainMenu_C' with ClassGeneratedBy '/Game/Levels/MainMenu.MainMenu:PersistentLevel.MainMenu'
[2018.12.24-01.24.45:791][145]LogPlayLevel: PlayLevel: No blueprints needed recompiling
[2018.12.24-01.24.45:791][145]PIE: New page: PIE session: MainMenu (Dec 23, 2018, 9:24:45 AM)
[2018.12.24-01.24.45:791][145]LogPlayLevel: Creating play world package: /Game/Levels/UEDPIE_0_MainMenu
[2018.12.24-01.24.45:792][145]LogPlayLevel: PIE: StaticDuplicateObject took: (0.000708s)
[2018.12.24-01.24.45:792][145]LogAIModule: Creating AISystem for world MainMenu
[2018.12.24-01.24.45:792][145]LogPlayLevel: PIE: World Init took: (0.000494s)
[2018.12.24-01.24.45:792][145]LogPlayLevel: PIE: Created PIE world by copying editor world from /Game/Levels/MainMenu.MainMenu to /Game/Levels/UEDPIE_0_MainMenu.MainMenu (0.001355s)
[2018.12.24-01.24.45:833][145]LogInit: XAudio2 using 'VG248 (NVIDIA High Definition Audio)' : 2 channels at 48 kHz using 16 bits per sample (channel mask 0x3)
[2018.12.24-01.24.45:842][145]LogInit: FAudioDevice initialized.
[2018.12.24-01.24.45:876][145]LogLoad: Game class is 'GM_Tutorial_C'
[2018.12.24-01.24.45:878][145]LogWorld: Bringing World /Game/Levels/UEDPIE_0_MainMenu.MainMenu up for play (max tick rate 0) at 2018.12.23-17.24.45
[2018.12.24-01.24.45:878][145]LogWorld: Bringing up level for play took: 0.001827
[2018.12.24-01.24.45:921][145]PIE: Play in editor start time for /Game/Levels/UEDPIE_0_MainMenu -0.244
[2018.12.24-01.24.45:921][145]LogBlueprintUserMessages: Late PlayInEditor Detection: Level '/Game/Levels/MainMenu.MainMenu:PersistentLevel' has LevelScriptBlueprint '/Game/Levels/MainMenu.MainMenu:PersistentLevel.MainMenu' with GeneratedClass '/Game/Levels/MainMenu.MainMenu_C' with ClassGeneratedBy '/Game/Levels/MainMenu.MainMenu:PersistentLevel.MainMenu'
[2018.12.24-01.24.46:660][224]LogNet: Browse: /Game/Levels/CrossyRoadz
[2018.12.24-01.24.46:660][224]LogLoad: LoadMap: /Game/Levels/CrossyRoadz
[2018.12.24-01.24.46:712][224]LogAIModule: Creating AISystem for world CrossyRoadz
[2018.12.24-01.24.46:713][224]LogLoad: Game class is 'GM_Tutorial_C'
[2018.12.24-01.24.46:714][224]LogWorld: Bringing World /Game/Levels/UEDPIE_0_CrossyRoadz.CrossyRoadz up for play (max tick rate 0) at 2018.12.23-17.24.46
[2018.12.24-01.24.46:714][224]LogWorld: Bringing up level for play took: 0.000914
[2018.12.24-01.24.46:743][224]LogLoad: Took 0.082560 seconds to LoadMap(/Game/Levels/CrossyRoadz)
[2018.12.24-01.25.09:620][557]LogBlueprintUserMessages: [road_L_R_C_0] 1
[2018.12.24-01.25.09:697][565]LogBlueprintUserMessages: [road_L_R_C_1] 2
[2018.12.24-01.25.09:760][571]LogBlueprintUserMessages: [road_L_R_C_2] 3
[2018.12.24-01.25.09:823][577]LogBlueprintUserMessages: [road_L_R_C_3] 4
[2018.12.24-01.25.09:892][584]LogBlueprintUserMessages: [road_L_R_C_4] 5
[2018.12.24-01.25.09:958][590]LogBlueprintUserMessages: [road_L_R_C_5] 6
[2018.12.24-01.25.10:032][596]LogBlueprintUserMessages: [river_L_R1_C_0] 7
[2018.12.24-01.25.10:089][601]LogBlueprintUserMessages: [TrainTrack_C_0] 8
[2018.12.24-01.25.10:491][639]LogBlueprintUserMessages: [TrainTrack_C_1] 9
[2018.12.24-01.25.10:556][645]LogBlueprintUserMessages: [MasterTile_C_0] 10
[2018.12.24-01.25.10:620][651]LogBlueprintUserMessages: [river_L_R1_C_1] 11
[2018.12.24-01.25.10:693][657]LogBlueprintUserMessages: [river_L_R1_C_2] 12
[2018.12.24-01.25.10:759][663]LogBlueprintUserMessages: [MasterTile_C_1] 13
[2018.12.24-01.25.10:819][669]LogBlueprintUserMessages: [MasterTile_C_2] 14
[2018.12.24-01.25.10:888][675]LogBlueprintUserMessages: [road_L_R_C_6] 15
[2018.12.24-01.25.10:961][681]LogBlueprintUserMessages: [road_L_R_C_7] 16
[2018.12.24-01.25.11:019][686]LogBlueprintUserMessages: [MasterTile_C_3] 17
[2018.12.24-01.25.11:094][691]LogBlueprintUserMessages: [MasterTile_C_4] 18
[2018.12.24-01.25.11:157][696]LogBlueprintUserMessages: [MasterTile_C_5] 19
[2018.12.24-01.25.11:224][702]LogBlueprintUserMessages: [river_L_R1_C_3] 20
[2018.12.24-01.25.11:288][707]LogBlueprintUserMessages: [TrainTrack_C_2] 21
[2018.12.24-01.25.11:366][713]LogBlueprintUserMessages: [TrainTrack_C_3] 22
[2018.12.24-01.25.11:686][741]LogBlueprintUserMessages: [MasterTile_C_6] 23
[2018.12.24-01.25.11:750][746]LogBlueprintUserMessages: [river_L_R1_C_4] 24
[2018.12.24-01.25.12:264][791]LogBlueprintUserMessages: [road_L_R_C_8] 25
[2018.12.24-01.25.12:332][796]LogBlueprintUserMessages: [river_L_R1_C_5] 26
[2018.12.24-01.25.12:731][830]LogBlueprintUserMessages: [MasterTile_C_7] 27
[2018.12.24-01.25.12:783][834]LogBlueprintUserMessages: [MasterTile_C_8] 28
[2018.12.24-01.25.13:109][860]LogBlueprintUserMessages: [river_L_R1_C_6] 29
[2018.12.24-01.25.13:188][866]LogBlueprintUserMessages: [TrainTrack_C_4] 30
[2018.12.24-01.25.13:247][870]LogBlueprintUserMessages: [MasterTile_C_9] 31
[2018.12.24-01.25.13:312][874]LogBlueprintUserMessages: [road_L_R_C_9] 32
[2018.12.24-01.25.13:393][879]LogBlueprintUserMessages: [MasterTile_C_10] 33
[2018.12.24-01.25.13:442][883]LogBlueprintUserMessages: [MasterTile_C_11] 34
[2018.12.24-01.25.13:774][909]LogBlueprintUserMessages: [TrainTrack_C_5] 35
[2018.12.24-01.25.13:845][915]LogBlueprintUserMessages: [river_L_R1_C_7] 36
[2018.12.24-01.25.13:907][920]LogBlueprintUserMessages: [TrainTrack_C_6] 37
[2018.12.24-01.25.13:977][926]LogBlueprintUserMessages: [road_L_R_C_10] 38
[2018.12.24-01.25.14:039][931]LogBlueprintUserMessages: [road_L_R_C_11] 39
[2018.12.24-01.25.14:113][937]LogBlueprintUserMessages: [road_L_R_C_12] 40
[2018.12.24-01.25.14:173][942]LogBlueprintUserMessages: [road_L_R_C_13] 41
[2018.12.24-01.25.14:601][981]LogBlueprintUserMessages: [MasterTile_C_12] 42
[2018.12.24-01.25.14:678][987]LogBlueprintUserMessages: [MasterTile_C_13] 43
[2018.12.24-01.25.14:744][992]LogBlueprintUserMessages: [river_L_R1_C_8] 44
[2018.12.24-01.25.14:802][997]LogBlueprintUserMessages: [river_L_R1_C_9] 45
[2018.12.24-01.25.14:867][  2]LogBlueprintUserMessages: [MasterTile_C_14] 46
[2018.12.24-01.25.14:933][  7]LogBlueprintUserMessages: [river_L_R1_C_10] 47
[2018.12.24-01.25.15:011][ 12]LogBlueprintUserMessages: [road_L_R_C_14] 48
[2018.12.24-01.25.15:074][ 16]LogBlueprintUserMessages: [MasterTile_C_15] 49
[2018.12.24-01.25.15:137][ 20]LogBlueprintUserMessages: [road_L_R_C_15] 50
[2018.12.24-01.25.15:212][ 25]LogBlueprintUserMessages: [river_L_R1_C_11] 51
[2018.12.24-01.25.15:273][ 29]LogBlueprintUserMessages: [river_L_R1_C_12] 52
[2018.12.24-01.25.15:336][ 33]LogBlueprintUserMessages: [MasterTile_C_16] 53
[2018.12.24-01.25.15:407][ 38]LogBlueprintUserMessages: [TrainTrack_C_7] 54
[2018.12.24-01.25.15:474][ 43]LogBlueprintUserMessages: [TrainTrack_C_8] 55
[2018.12.24-01.25.15:542][ 48]LogBlueprintUserMessages: [road_L_R_C_16] 56
[2018.12.24-01.25.15:609][ 52]LogBlueprintUserMessages: [MasterTile_C_17] 57
[2018.12.24-01.25.15:670][ 56]LogBlueprintUserMessages: [TrainTrack_C_9] 58
[2018.12.24-01.25.15:738][ 60]LogBlueprintUserMessages: [TrainTrack_C_10] 59
[2018.12.24-01.25.15:803][ 64]LogBlueprintUserMessages: [river_L_R1_C_13] 60
[2018.12.24-01.25.19:304][328]LogBlueprintUserMessages: Early EndPlayMap Detection: Level '/Game/Levels/MainMenu.MainMenu:PersistentLevel' has LevelScriptBlueprint '/Game/Levels/MainMenu.MainMenu:PersistentLevel.MainMenu' with GeneratedClass '/Game/Levels/MainMenu.MainMenu_C' with ClassGeneratedBy '/Game/Levels/MainMenu.MainMenu:PersistentLevel.MainMenu'
[2018.12.24-01.25.19:305][328]LogSlate: Updating window title bar state: overlay mode, drag disabled, window buttons hidden, title bar hidden
[2018.12.24-01.25.19:360][328]LogPlayLevel: Display: Shutting down PIE online subsystems
[2018.12.24-01.25.19:360][328]LogBlueprintUserMessages: Late EndPlayMap Detection: Level '/Game/Levels/MainMenu.MainMenu:PersistentLevel' has LevelScriptBlueprint '/Game/Levels/MainMenu.MainMenu:PersistentLevel.MainMenu' with GeneratedClass '/Game/Levels/MainMenu.MainMenu_C' with ClassGeneratedBy '/Game/Levels/MainMenu.MainMenu:PersistentLevel.MainMenu'
[2018.12.24-01.25.19:386][328]LogSlate: Updating window title bar state: overlay mode, drag disabled, window buttons hidden, title bar hidden
[2018.12.24-01.25.19:405][329]LogPlayLevel: Display: Destroying online subsystem :Context_2
